<?xml version="1.0" encoding="UTF-8"?>
<testng-results ignored="0" total="2" passed="2" failed="0" skipped="0">
  <reporter-output>
  </reporter-output>
  <suite started-at="2022-09-10T03:59:17Z" name="Suite" finished-at="2022-09-10T03:59:52Z" duration-ms="34630">
    <groups>
    </groups>
    <test started-at="2022-09-10T03:59:17Z" name="Test" finished-at="2022-09-10T03:59:52Z" duration-ms="34630">
      <class name="Testcase.GoogleTestcase">
        <test-method is-config="true" signature="BeforeSuite()[pri:0, instance:Testcase.GoogleTestcase@1b835480]" started-at="2022-09-10T03:59:17Z" name="BeforeSuite" finished-at="2022-09-10T03:59:17Z" duration-ms="129" status="PASS">
          <reporter-output>
          </reporter-output>
        </test-method> <!-- BeforeSuite -->
        <test-method is-config="true" signature="BeforeTest(org.testng.ITestResult)[pri:0, instance:Testcase.GoogleTestcase@1b835480]" started-at="2022-09-10T03:59:17Z" name="BeforeTest" finished-at="2022-09-10T03:59:31Z" duration-ms="13665" status="PASS">
          <params>
            <param index="0">
              <value>
                <![CDATA[[TestResult name=LaunchChromeDriver status=SUCCESS method=GoogleTestcase.LaunchChromeDriver()[pri:1, instance:Testcase.GoogleTestcase@1b835480] output={null}]]]>
              </value>
            </param>
          </params>
          <reporter-output>
          </reporter-output>
        </test-method> <!-- BeforeTest -->
        <test-method signature="LaunchChromeDriver()[pri:1, instance:Testcase.GoogleTestcase@1b835480]" started-at="2022-09-10T03:59:31Z" name="LaunchChromeDriver" finished-at="2022-09-10T03:59:38Z" duration-ms="6936" status="PASS">
          <reporter-output>
          </reporter-output>
        </test-method> <!-- LaunchChromeDriver -->
        <test-method is-config="true" signature="AfterTest(org.testng.ITestResult)[pri:0, instance:Testcase.GoogleTestcase@1b835480]" started-at="2022-09-10T03:59:38Z" name="AfterTest" finished-at="2022-09-10T03:59:38Z" duration-ms="311" status="PASS">
          <params>
            <param index="0">
              <value>
                <![CDATA[[TestResult name=LaunchChromeDriver status=SUCCESS method=GoogleTestcase.LaunchChromeDriver()[pri:1, instance:Testcase.GoogleTestcase@1b835480] output={null}]]]>
              </value>
            </param>
          </params>
          <reporter-output>
          </reporter-output>
        </test-method> <!-- AfterTest -->
        <test-method is-config="true" signature="BeforeTest(org.testng.ITestResult)[pri:0, instance:Testcase.GoogleTestcase@1b835480]" started-at="2022-09-10T03:59:38Z" name="BeforeTest" finished-at="2022-09-10T03:59:47Z" duration-ms="8355" status="PASS">
          <params>
            <param index="0">
              <value>
                <![CDATA[[TestResult name=ChromeDriverLaunch status=SUCCESS method=GoogleTestcase.ChromeDriverLaunch()[pri:2, instance:Testcase.GoogleTestcase@1b835480] output={null}]]]>
              </value>
            </param>
          </params>
          <reporter-output>
          </reporter-output>
        </test-method> <!-- BeforeTest -->
        <test-method signature="ChromeDriverLaunch()[pri:2, instance:Testcase.GoogleTestcase@1b835480]" started-at="2022-09-10T03:59:47Z" name="ChromeDriverLaunch" finished-at="2022-09-10T03:59:52Z" duration-ms="5109" status="PASS">
          <reporter-output>
          </reporter-output>
        </test-method> <!-- ChromeDriverLaunch -->
        <test-method is-config="true" signature="AfterTest(org.testng.ITestResult)[pri:0, instance:Testcase.GoogleTestcase@1b835480]" started-at="2022-09-10T03:59:52Z" name="AfterTest" finished-at="2022-09-10T03:59:52Z" duration-ms="240" status="PASS">
          <params>
            <param index="0">
              <value>
                <![CDATA[[TestResult name=ChromeDriverLaunch status=SUCCESS method=GoogleTestcase.ChromeDriverLaunch()[pri:2, instance:Testcase.GoogleTestcase@1b835480] output={null}]]]>
              </value>
            </param>
          </params>
          <reporter-output>
          </reporter-output>
        </test-method> <!-- AfterTest -->
        <test-method is-config="true" signature="AfterSuite()[pri:0, instance:Testcase.GoogleTestcase@1b835480]" started-at="2022-09-10T03:59:52Z" name="AfterSuite" finished-at="2022-09-10T03:59:52Z" duration-ms="271" status="PASS">
          <reporter-output>
          </reporter-output>
        </test-method> <!-- AfterSuite -->
      </class> <!-- Testcase.GoogleTestcase -->
    </test> <!-- Test -->
  </suite> <!-- Suite -->
</testng-results>
